[2017-08-21 16:01:42] Текст ошибки: Нет соединения с БД | Файл: D:\WebServer\domains\ishop2.loc\vendor\ishop\core\Db.php | Строка: 14
=================
[2017-08-22 08:49:56] Текст ошибки: Страница не найдена | Файл: D:\WebServer\domains\ishop2.loc\vendor\ishop\core\Router.php | Строка: 39
=================
[2017-08-22 08:49:56] Текст ошибки: Страница не найдена | Файл: D:\WebServer\domains\ishop2.loc\vendor\ishop\core\Router.php | Строка: 39
=================
[2017-08-22 08:52:48] Текст ошибки: Страница не найдена | Файл: D:\WebServer\domains\ishop2.loc\vendor\ishop\core\Router.php | Строка: 39
=================
[2017-08-22 08:52:48] Текст ошибки: Страница не найдена | Файл: D:\WebServer\domains\ishop2.loc\vendor\ishop\core\Router.php | Строка: 39
=================
[2017-08-22 08:52:48] Текст ошибки: Страница не найдена | Файл: D:\WebServer\domains\ishop2.loc\vendor\ishop\core\Router.php | Строка: 39
=================
[2017-08-22 08:52:48] Текст ошибки: Страница не найдена | Файл: D:\WebServer\domains\ishop2.loc\vendor\ishop\core\Router.php | Строка: 39
=================
[2017-08-22 08:52:48] Текст ошибки: Страница не найдена | Файл: D:\WebServer\domains\ishop2.loc\vendor\ishop\core\Router.php | Строка: 39
=================
[2017-08-22 08:52:48] Текст ошибки: Страница не найдена | Файл: D:\WebServer\domains\ishop2.loc\vendor\ishop\core\Router.php | Строка: 39
=================
[2017-08-22 08:52:48] Текст ошибки: Страница не найдена | Файл: D:\WebServer\domains\ishop2.loc\vendor\ishop\core\Router.php | Строка: 39
=================
[2017-08-22 08:52:48] Текст ошибки: Страница не найдена | Файл: D:\WebServer\domains\ishop2.loc\vendor\ishop\core\Router.php | Строка: 39
=================
[2017-08-22 08:52:48] Текст ошибки: Страница не найдена | Файл: D:\WebServer\domains\ishop2.loc\vendor\ishop\core\Router.php | Строка: 39
=================
[2017-08-22 08:52:48] Текст ошибки: Страница не найдена | Файл: D:\WebServer\domains\ishop2.loc\vendor\ishop\core\Router.php | Строка: 39
=================
[2017-08-22 08:52:48] Текст ошибки: Страница не найдена | Файл: D:\WebServer\domains\ishop2.loc\vendor\ishop\core\Router.php | Строка: 39
=================
[2017-08-22 08:52:48] Текст ошибки: Страница не найдена | Файл: D:\WebServer\domains\ishop2.loc\vendor\ishop\core\Router.php | Строка: 39
=================
[2017-08-22 08:52:48] Текст ошибки: Страница не найдена | Файл: D:\WebServer\domains\ishop2.loc\vendor\ishop\core\Router.php | Строка: 39
=================
[2017-08-22 08:52:48] Текст ошибки: Страница не найдена | Файл: D:\WebServer\domains\ishop2.loc\vendor\ishop\core\Router.php | Строка: 39
=================
[2017-08-22 08:52:48] Текст ошибки: Страница не найдена | Файл: D:\WebServer\domains\ishop2.loc\vendor\ishop\core\Router.php | Строка: 39
=================
[2017-08-22 08:52:48] Текст ошибки: Страница не найдена | Файл: D:\WebServer\domains\ishop2.loc\vendor\ishop\core\Router.php | Строка: 39
=================
[2017-08-22 08:52:48] Текст ошибки: Страница не найдена | Файл: D:\WebServer\domains\ishop2.loc\vendor\ishop\core\Router.php | Строка: 39
=================
[2017-08-22 08:52:48] Текст ошибки: Страница не найдена | Файл: D:\WebServer\domains\ishop2.loc\vendor\ishop\core\Router.php | Строка: 39
=================
[2017-08-22 08:52:48] Текст ошибки: Страница не найдена | Файл: D:\WebServer\domains\ishop2.loc\vendor\ishop\core\Router.php | Строка: 39
=================
[2017-08-22 08:52:48] Текст ошибки: Страница не найдена | Файл: D:\WebServer\domains\ishop2.loc\vendor\ishop\core\Router.php | Строка: 39
=================
[2017-08-22 08:52:48] Текст ошибки: Страница не найдена | Файл: D:\WebServer\domains\ishop2.loc\vendor\ishop\core\Router.php | Строка: 39
=================
[2017-08-22 08:52:48] Текст ошибки: Страница не найдена | Файл: D:\WebServer\domains\ishop2.loc\vendor\ishop\core\Router.php | Строка: 39
=================
[2017-08-22 08:52:48] Текст ошибки: Страница не найдена | Файл: D:\WebServer\domains\ishop2.loc\vendor\ishop\core\Router.php | Строка: 39
=================
[2017-08-22 08:52:48] Текст ошибки: Страница не найдена | Файл: D:\WebServer\domains\ishop2.loc\vendor\ishop\core\Router.php | Строка: 39
=================
[2017-08-22 08:52:48] Текст ошибки: Страница не найдена | Файл: D:\WebServer\domains\ishop2.loc\vendor\ishop\core\Router.php | Строка: 39
=================
[2017-08-22 08:52:48] Текст ошибки: Страница не найдена | Файл: D:\WebServer\domains\ishop2.loc\vendor\ishop\core\Router.php | Строка: 39
=================
[2017-08-22 08:52:48] Текст ошибки: Страница не найдена | Файл: D:\WebServer\domains\ishop2.loc\vendor\ishop\core\Router.php | Строка: 39
=================
[2017-08-22 08:52:48] Текст ошибки: Страница не найдена | Файл: D:\WebServer\domains\ishop2.loc\vendor\ishop\core\Router.php | Строка: 39
=================
[2017-08-22 08:52:48] Текст ошибки: Страница не найдена | Файл: D:\WebServer\domains\ishop2.loc\vendor\ishop\core\Router.php | Строка: 39
=================
[2017-08-22 08:52:48] Текст ошибки: Страница не найдена | Файл: D:\WebServer\domains\ishop2.loc\vendor\ishop\core\Router.php | Строка: 39
=================
[2017-08-22 08:52:48] Текст ошибки: Страница не найдена | Файл: D:\WebServer\domains\ishop2.loc\vendor\ishop\core\Router.php | Строка: 39
=================
[2017-08-22 08:52:48] Текст ошибки: Страница не найдена | Файл: D:\WebServer\domains\ishop2.loc\vendor\ishop\core\Router.php | Строка: 39
=================
[2017-08-22 08:52:48] Текст ошибки: Страница не найдена | Файл: D:\WebServer\domains\ishop2.loc\vendor\ishop\core\Router.php | Строка: 39
=================
[2017-08-22 08:52:48] Текст ошибки: Страница не найдена | Файл: D:\WebServer\domains\ishop2.loc\vendor\ishop\core\Router.php | Строка: 39
=================
[2017-08-22 08:52:48] Текст ошибки: Страница не найдена | Файл: D:\WebServer\domains\ishop2.loc\vendor\ishop\core\Router.php | Строка: 39
=================
[2017-08-22 08:52:48] Текст ошибки: Страница не найдена | Файл: D:\WebServer\domains\ishop2.loc\vendor\ishop\core\Router.php | Строка: 39
=================
[2017-08-22 08:52:48] Текст ошибки: Страница не найдена | Файл: D:\WebServer\domains\ishop2.loc\vendor\ishop\core\Router.php | Строка: 39
=================
[2017-08-22 08:52:48] Текст ошибки: Страница не найдена | Файл: D:\WebServer\domains\ishop2.loc\vendor\ishop\core\Router.php | Строка: 39
=================
[2017-08-22 08:52:48] Текст ошибки: Страница не найдена | Файл: D:\WebServer\domains\ishop2.loc\vendor\ishop\core\Router.php | Строка: 39
=================
[2017-08-22 08:52:48] Текст ошибки: Страница не найдена | Файл: D:\WebServer\domains\ishop2.loc\vendor\ishop\core\Router.php | Строка: 39
=================
[2017-08-22 08:52:48] Текст ошибки: Страница не найдена | Файл: D:\WebServer\domains\ishop2.loc\vendor\ishop\core\Router.php | Строка: 39
=================
[2017-08-22 08:52:48] Текст ошибки: Страница не найдена | Файл: D:\WebServer\domains\ishop2.loc\vendor\ishop\core\Router.php | Строка: 39
=================
[2017-08-22 08:52:48] Текст ошибки: Страница не найдена | Файл: D:\WebServer\domains\ishop2.loc\vendor\ishop\core\Router.php | Строка: 39
=================
[2017-08-22 08:52:48] Текст ошибки: Страница не найдена | Файл: D:\WebServer\domains\ishop2.loc\vendor\ishop\core\Router.php | Строка: 39
=================
[2017-08-22 08:53:07] Текст ошибки: Страница не найдена | Файл: D:\WebServer\domains\ishop2.loc\vendor\ishop\core\Router.php | Строка: 39
=================
[2017-08-22 08:53:07] Текст ошибки: Страница не найдена | Файл: D:\WebServer\domains\ishop2.loc\vendor\ishop\core\Router.php | Строка: 39
=================
[2017-08-22 08:53:07] Текст ошибки: Страница не найдена | Файл: D:\WebServer\domains\ishop2.loc\vendor\ishop\core\Router.php | Строка: 39
=================
[2017-08-22 08:53:07] Текст ошибки: Страница не найдена | Файл: D:\WebServer\domains\ishop2.loc\vendor\ishop\core\Router.php | Строка: 39
=================
[2017-08-22 08:53:07] Текст ошибки: Страница не найдена | Файл: D:\WebServer\domains\ishop2.loc\vendor\ishop\core\Router.php | Строка: 39
=================
[2017-08-22 08:53:07] Текст ошибки: Страница не найдена | Файл: D:\WebServer\domains\ishop2.loc\vendor\ishop\core\Router.php | Строка: 39
=================
[2017-08-22 08:53:07] Текст ошибки: Страница не найдена | Файл: D:\WebServer\domains\ishop2.loc\vendor\ishop\core\Router.php | Строка: 39
=================
[2017-08-22 08:53:07] Текст ошибки: Страница не найдена | Файл: D:\WebServer\domains\ishop2.loc\vendor\ishop\core\Router.php | Строка: 39
=================
[2017-08-22 08:53:07] Текст ошибки: Страница не найдена | Файл: D:\WebServer\domains\ishop2.loc\vendor\ishop\core\Router.php | Строка: 39
=================
[2017-08-22 08:53:07] Текст ошибки: Страница не найдена | Файл: D:\WebServer\domains\ishop2.loc\vendor\ishop\core\Router.php | Строка: 39
=================
[2017-08-22 08:53:07] Текст ошибки: Страница не найдена | Файл: D:\WebServer\domains\ishop2.loc\vendor\ishop\core\Router.php | Строка: 39
=================
[2017-08-22 08:53:07] Текст ошибки: Страница не найдена | Файл: D:\WebServer\domains\ishop2.loc\vendor\ishop\core\Router.php | Строка: 39
=================
[2017-08-22 08:53:07] Текст ошибки: Страница не найдена | Файл: D:\WebServer\domains\ishop2.loc\vendor\ishop\core\Router.php | Строка: 39
=================
[2017-08-22 08:53:07] Текст ошибки: Страница не найдена | Файл: D:\WebServer\domains\ishop2.loc\vendor\ishop\core\Router.php | Строка: 39
=================
[2017-08-22 08:53:07] Текст ошибки: Страница не найдена | Файл: D:\WebServer\domains\ishop2.loc\vendor\ishop\core\Router.php | Строка: 39
=================
[2017-08-22 08:53:07] Текст ошибки: Страница не найдена | Файл: D:\WebServer\domains\ishop2.loc\vendor\ishop\core\Router.php | Строка: 39
=================
[2017-08-22 08:53:07] Текст ошибки: Страница не найдена | Файл: D:\WebServer\domains\ishop2.loc\vendor\ishop\core\Router.php | Строка: 39
=================
[2017-08-22 08:53:07] Текст ошибки: Страница не найдена | Файл: D:\WebServer\domains\ishop2.loc\vendor\ishop\core\Router.php | Строка: 39
=================
[2017-08-22 08:53:07] Текст ошибки: Страница не найдена | Файл: D:\WebServer\domains\ishop2.loc\vendor\ishop\core\Router.php | Строка: 39
=================
[2017-08-22 08:53:07] Текст ошибки: Страница не найдена | Файл: D:\WebServer\domains\ishop2.loc\vendor\ishop\core\Router.php | Строка: 39
=================
[2017-08-22 08:53:07] Текст ошибки: Страница не найдена | Файл: D:\WebServer\domains\ishop2.loc\vendor\ishop\core\Router.php | Строка: 39
=================
[2017-08-22 08:53:07] Текст ошибки: Страница не найдена | Файл: D:\WebServer\domains\ishop2.loc\vendor\ishop\core\Router.php | Строка: 39
=================
[2017-08-22 08:53:07] Текст ошибки: Страница не найдена | Файл: D:\WebServer\domains\ishop2.loc\vendor\ishop\core\Router.php | Строка: 39
=================
[2017-08-22 08:53:07] Текст ошибки: Страница не найдена | Файл: D:\WebServer\domains\ishop2.loc\vendor\ishop\core\Router.php | Строка: 39
=================
[2017-08-22 08:53:07] Текст ошибки: Страница не найдена | Файл: D:\WebServer\domains\ishop2.loc\vendor\ishop\core\Router.php | Строка: 39
=================
[2017-08-22 08:53:07] Текст ошибки: Страница не найдена | Файл: D:\WebServer\domains\ishop2.loc\vendor\ishop\core\Router.php | Строка: 39
=================
[2017-08-22 08:53:07] Текст ошибки: Страница не найдена | Файл: D:\WebServer\domains\ishop2.loc\vendor\ishop\core\Router.php | Строка: 39
=================
[2017-08-22 08:53:07] Текст ошибки: Страница не найдена | Файл: D:\WebServer\domains\ishop2.loc\vendor\ishop\core\Router.php | Строка: 39
=================
[2017-08-22 08:53:07] Текст ошибки: Страница не найдена | Файл: D:\WebServer\domains\ishop2.loc\vendor\ishop\core\Router.php | Строка: 39
=================
[2017-08-22 08:53:07] Текст ошибки: Страница не найдена | Файл: D:\WebServer\domains\ishop2.loc\vendor\ishop\core\Router.php | Строка: 39
=================
[2017-08-22 08:53:07] Текст ошибки: Страница не найдена | Файл: D:\WebServer\domains\ishop2.loc\vendor\ishop\core\Router.php | Строка: 39
=================
[2017-08-22 08:53:07] Текст ошибки: Страница не найдена | Файл: D:\WebServer\domains\ishop2.loc\vendor\ishop\core\Router.php | Строка: 39
=================
[2017-08-22 08:53:07] Текст ошибки: Страница не найдена | Файл: D:\WebServer\domains\ishop2.loc\vendor\ishop\core\Router.php | Строка: 39
=================
[2017-08-22 08:53:07] Текст ошибки: Страница не найдена | Файл: D:\WebServer\domains\ishop2.loc\vendor\ishop\core\Router.php | Строка: 39
=================
[2017-08-22 08:53:07] Текст ошибки: Страница не найдена | Файл: D:\WebServer\domains\ishop2.loc\vendor\ishop\core\Router.php | Строка: 39
=================
[2017-08-22 08:53:07] Текст ошибки: Страница не найдена | Файл: D:\WebServer\domains\ishop2.loc\vendor\ishop\core\Router.php | Строка: 39
=================
[2017-08-22 08:53:07] Текст ошибки: Страница не найдена | Файл: D:\WebServer\domains\ishop2.loc\vendor\ishop\core\Router.php | Строка: 39
=================
[2017-08-22 08:53:07] Текст ошибки: Страница не найдена | Файл: D:\WebServer\domains\ishop2.loc\vendor\ishop\core\Router.php | Строка: 39
=================
[2017-08-22 08:53:07] Текст ошибки: Страница не найдена | Файл: D:\WebServer\domains\ishop2.loc\vendor\ishop\core\Router.php | Строка: 39
=================
[2017-08-22 08:53:07] Текст ошибки: Страница не найдена | Файл: D:\WebServer\domains\ishop2.loc\vendor\ishop\core\Router.php | Строка: 39
=================
[2017-08-22 08:53:07] Текст ошибки: Страница не найдена | Файл: D:\WebServer\domains\ishop2.loc\vendor\ishop\core\Router.php | Строка: 39
=================
[2017-08-22 08:53:07] Текст ошибки: Страница не найдена | Файл: D:\WebServer\domains\ishop2.loc\vendor\ishop\core\Router.php | Строка: 39
=================
[2017-08-22 08:53:07] Текст ошибки: Страница не найдена | Файл: D:\WebServer\domains\ishop2.loc\vendor\ishop\core\Router.php | Строка: 39
=================
[2017-08-22 08:53:07] Текст ошибки: Страница не найдена | Файл: D:\WebServer\domains\ishop2.loc\vendor\ishop\core\Router.php | Строка: 39
=================
[2017-08-22 08:53:26] Текст ошибки: Страница не найдена | Файл: D:\WebServer\domains\ishop2.loc\vendor\ishop\core\Router.php | Строка: 39
=================
[2017-08-22 08:53:26] Текст ошибки: Страница не найдена | Файл: D:\WebServer\domains\ishop2.loc\vendor\ishop\core\Router.php | Строка: 39
=================
[2017-08-22 08:53:26] Текст ошибки: Страница не найдена | Файл: D:\WebServer\domains\ishop2.loc\vendor\ishop\core\Router.php | Строка: 39
=================
[2017-08-22 08:53:26] Текст ошибки: Страница не найдена | Файл: D:\WebServer\domains\ishop2.loc\vendor\ishop\core\Router.php | Строка: 39
=================
[2017-08-22 08:53:26] Текст ошибки: Страница не найдена | Файл: D:\WebServer\domains\ishop2.loc\vendor\ishop\core\Router.php | Строка: 39
=================
[2017-08-22 08:53:26] Текст ошибки: Страница не найдена | Файл: D:\WebServer\domains\ishop2.loc\vendor\ishop\core\Router.php | Строка: 39
=================
[2017-08-22 08:53:26] Текст ошибки: Страница не найдена | Файл: D:\WebServer\domains\ishop2.loc\vendor\ishop\core\Router.php | Строка: 39
=================
[2017-08-22 08:53:26] Текст ошибки: Страница не найдена | Файл: D:\WebServer\domains\ishop2.loc\vendor\ishop\core\Router.php | Строка: 39
=================
[2017-08-22 08:53:26] Текст ошибки: Страница не найдена | Файл: D:\WebServer\domains\ishop2.loc\vendor\ishop\core\Router.php | Строка: 39
=================
[2017-08-22 08:53:26] Текст ошибки: Страница не найдена | Файл: D:\WebServer\domains\ishop2.loc\vendor\ishop\core\Router.php | Строка: 39
=================
[2017-08-22 08:53:26] Текст ошибки: Страница не найдена | Файл: D:\WebServer\domains\ishop2.loc\vendor\ishop\core\Router.php | Строка: 39
=================
[2017-08-22 08:53:26] Текст ошибки: Страница не найдена | Файл: D:\WebServer\domains\ishop2.loc\vendor\ishop\core\Router.php | Строка: 39
=================
[2017-08-22 08:53:26] Текст ошибки: Страница не найдена | Файл: D:\WebServer\domains\ishop2.loc\vendor\ishop\core\Router.php | Строка: 39
=================
[2017-08-22 08:53:26] Текст ошибки: Страница не найдена | Файл: D:\WebServer\domains\ishop2.loc\vendor\ishop\core\Router.php | Строка: 39
=================
[2017-08-22 08:53:26] Текст ошибки: Страница не найдена | Файл: D:\WebServer\domains\ishop2.loc\vendor\ishop\core\Router.php | Строка: 39
=================
[2017-08-22 08:53:26] Текст ошибки: Страница не найдена | Файл: D:\WebServer\domains\ishop2.loc\vendor\ishop\core\Router.php | Строка: 39
=================
[2017-08-22 08:53:26] Текст ошибки: Страница не найдена | Файл: D:\WebServer\domains\ishop2.loc\vendor\ishop\core\Router.php | Строка: 39
=================
[2017-08-22 08:53:26] Текст ошибки: Страница не найдена | Файл: D:\WebServer\domains\ishop2.loc\vendor\ishop\core\Router.php | Строка: 39
=================
[2017-08-22 08:53:26] Текст ошибки: Страница не найдена | Файл: D:\WebServer\domains\ishop2.loc\vendor\ishop\core\Router.php | Строка: 39
=================
[2017-08-22 08:53:26] Текст ошибки: Страница не найдена | Файл: D:\WebServer\domains\ishop2.loc\vendor\ishop\core\Router.php | Строка: 39
=================
[2017-08-22 08:53:26] Текст ошибки: Страница не найдена | Файл: D:\WebServer\domains\ishop2.loc\vendor\ishop\core\Router.php | Строка: 39
=================
[2017-08-22 08:53:26] Текст ошибки: Страница не найдена | Файл: D:\WebServer\domains\ishop2.loc\vendor\ishop\core\Router.php | Строка: 39
=================
[2017-08-22 08:53:26] Текст ошибки: Страница не найдена | Файл: D:\WebServer\domains\ishop2.loc\vendor\ishop\core\Router.php | Строка: 39
=================
[2017-08-22 08:53:26] Текст ошибки: Страница не найдена | Файл: D:\WebServer\domains\ishop2.loc\vendor\ishop\core\Router.php | Строка: 39
=================
[2017-08-22 08:53:26] Текст ошибки: Страница не найдена | Файл: D:\WebServer\domains\ishop2.loc\vendor\ishop\core\Router.php | Строка: 39
=================
[2017-08-22 08:53:26] Текст ошибки: Страница не найдена | Файл: D:\WebServer\domains\ishop2.loc\vendor\ishop\core\Router.php | Строка: 39
=================
[2017-08-22 08:53:26] Текст ошибки: Страница не найдена | Файл: D:\WebServer\domains\ishop2.loc\vendor\ishop\core\Router.php | Строка: 39
=================
[2017-08-22 08:53:26] Текст ошибки: Страница не найдена | Файл: D:\WebServer\domains\ishop2.loc\vendor\ishop\core\Router.php | Строка: 39
=================
[2017-08-22 08:53:26] Текст ошибки: Страница не найдена | Файл: D:\WebServer\domains\ishop2.loc\vendor\ishop\core\Router.php | Строка: 39
=================
[2017-08-22 08:53:26] Текст ошибки: Страница не найдена | Файл: D:\WebServer\domains\ishop2.loc\vendor\ishop\core\Router.php | Строка: 39
=================
[2017-08-22 08:53:26] Текст ошибки: Страница не найдена | Файл: D:\WebServer\domains\ishop2.loc\vendor\ishop\core\Router.php | Строка: 39
=================
[2017-08-22 08:53:26] Текст ошибки: Страница не найдена | Файл: D:\WebServer\domains\ishop2.loc\vendor\ishop\core\Router.php | Строка: 39
=================
[2017-08-22 08:53:26] Текст ошибки: Страница не найдена | Файл: D:\WebServer\domains\ishop2.loc\vendor\ishop\core\Router.php | Строка: 39
=================
[2017-08-22 08:53:26] Текст ошибки: Страница не найдена | Файл: D:\WebServer\domains\ishop2.loc\vendor\ishop\core\Router.php | Строка: 39
=================
[2017-08-22 08:53:26] Текст ошибки: Страница не найдена | Файл: D:\WebServer\domains\ishop2.loc\vendor\ishop\core\Router.php | Строка: 39
=================
[2017-08-22 08:53:26] Текст ошибки: Страница не найдена | Файл: D:\WebServer\domains\ishop2.loc\vendor\ishop\core\Router.php | Строка: 39
=================
[2017-08-22 08:53:26] Текст ошибки: Страница не найдена | Файл: D:\WebServer\domains\ishop2.loc\vendor\ishop\core\Router.php | Строка: 39
=================
[2017-08-22 08:53:26] Текст ошибки: Страница не найдена | Файл: D:\WebServer\domains\ishop2.loc\vendor\ishop\core\Router.php | Строка: 39
=================
[2017-08-22 08:53:26] Текст ошибки: Страница не найдена | Файл: D:\WebServer\domains\ishop2.loc\vendor\ishop\core\Router.php | Строка: 39
=================
[2017-08-22 08:53:26] Текст ошибки: Страница не найдена | Файл: D:\WebServer\domains\ishop2.loc\vendor\ishop\core\Router.php | Строка: 39
=================
[2017-08-22 08:53:26] Текст ошибки: Страница не найдена | Файл: D:\WebServer\domains\ishop2.loc\vendor\ishop\core\Router.php | Строка: 39
=================
[2017-08-22 08:53:26] Текст ошибки: Страница не найдена | Файл: D:\WebServer\domains\ishop2.loc\vendor\ishop\core\Router.php | Строка: 39
=================
[2017-08-22 08:53:26] Текст ошибки: Страница не найдена | Файл: D:\WebServer\domains\ishop2.loc\vendor\ishop\core\Router.php | Строка: 39
=================
[2017-08-22 08:53:26] Текст ошибки: Страница не найдена | Файл: D:\WebServer\domains\ishop2.loc\vendor\ishop\core\Router.php | Строка: 39
=================
[2017-08-22 08:54:17] Текст ошибки: Страница не найдена | Файл: D:\WebServer\domains\ishop2.loc\vendor\ishop\core\Router.php | Строка: 39
=================
[2017-08-22 08:54:19] Текст ошибки: Страница не найдена | Файл: D:\WebServer\domains\ishop2.loc\vendor\ishop\core\Router.php | Строка: 39
=================
[2018-11-11 20:51:49] Текст ошибки: Страница не найдена | Файл: W:\domains\shop.loc\vendor\ishop\core\Router.php | Строка: 39
=================
[2018-11-11 20:52:40] Текст ошибки: Страница не найдена | Файл: W:\domains\shop.loc\vendor\ishop\core\Router.php | Строка: 39
=================
[2018-11-11 20:52:42] Текст ошибки: Страница не найдена | Файл: W:\domains\shop.loc\vendor\ishop\core\Router.php | Строка: 39
=================
[2018-11-14 16:23:16] Текст ошибки: syntax error, unexpected '3' (T_LNUMBER), expecting ',' or ')' | Файл: W:\domains\shop.loc\app\controllers\MainController.php | Строка: 10
=================
[2018-11-14 16:23:17] Текст ошибки: syntax error, unexpected '3' (T_LNUMBER), expecting ',' or ')' | Файл: W:\domains\shop.loc\app\controllers\MainController.php | Строка: 10
=================
[2018-11-14 16:23:17] Текст ошибки: Страница не найдена | Файл: W:\domains\shop.loc\vendor\ishop\core\Router.php | Строка: 39
=================
[2018-11-14 16:29:29] Текст ошибки: syntax error, unexpected end of file, expecting elseif (T_ELSEIF) or else (T_ELSE) or endif (T_ENDIF) | Файл: W:\domains\shop.loc\app\views\Main\index.php | Строка: 159
=================
[2018-11-14 17:00:50] Текст ошибки: Страница не найдена | Файл: W:\domains\shop.loc\vendor\ishop\core\Router.php | Строка: 39
=================
[2018-11-14 17:06:38] Текст ошибки: Страница не найдена | Файл: W:\domains\shop.loc\vendor\ishop\core\Router.php | Строка: 39
=================
[2018-11-14 17:06:39] Текст ошибки: Страница не найдена | Файл: W:\domains\shop.loc\vendor\ishop\core\Router.php | Строка: 39
=================
[2018-11-14 17:11:52] Текст ошибки: syntax error, unexpected ')', expecting ',' or ';' | Файл: W:\domains\shop.loc\app\views\Main\index.php | Строка: 64
=================
[2018-11-15 17:23:16] Текст ошибки: Страница не найдена | Файл: W:\domains\shop.loc\vendor\ishop\core\Router.php | Строка: 39
=================
[2018-11-15 17:42:06] Текст ошибки: Call to undefined method ishop\App::setProperty() | Файл: W:\domains\shop.loc\app\controllers\AppController.php | Строка: 16
=================
[2018-11-15 19:29:00] Текст ошибки: Class 'R' not found | Файл: W:\domains\ishop.loc\vendor\ishop\core\Db.php | Строка: 12
=================
[2018-11-15 19:29:00] Текст ошибки: Страница не найдена | Файл: W:\domains\ishop.loc\vendor\ishop\core\Router.php | Строка: 39
=================
[2018-11-15 19:32:31] Текст ошибки: Class 'R' not found | Файл: W:\domains\ishop.loc\vendor\ishop\core\Db.php | Строка: 12
=================
[2018-11-15 19:32:32] Текст ошибки: Class 'R' not found | Файл: W:\domains\ishop.loc\vendor\ishop\core\Db.php | Строка: 12
=================
[2018-11-15 19:32:32] Текст ошибки: Class 'R' not found | Файл: W:\domains\ishop.loc\vendor\ishop\core\Db.php | Строка: 12
=================
[2018-11-15 19:32:32] Текст ошибки: Class 'R' not found | Файл: W:\domains\ishop.loc\vendor\ishop\core\Db.php | Строка: 12
=================
[2018-11-15 19:32:32] Текст ошибки: Class 'R' not found | Файл: W:\domains\ishop.loc\vendor\ishop\core\Db.php | Строка: 12
=================
[2018-11-15 19:32:33] Текст ошибки: Class 'R' not found | Файл: W:\domains\ishop.loc\vendor\ishop\core\Db.php | Строка: 12
=================
[2018-11-15 19:32:33] Текст ошибки: Class 'R' not found | Файл: W:\domains\ishop.loc\vendor\ishop\core\Db.php | Строка: 12
=================
[2018-11-15 19:32:33] Текст ошибки: Class 'R' not found | Файл: W:\domains\ishop.loc\vendor\ishop\core\Db.php | Строка: 12
=================
[2018-11-15 19:32:33] Текст ошибки: Class 'R' not found | Файл: W:\domains\ishop.loc\vendor\ishop\core\Db.php | Строка: 12
=================
[2018-11-15 19:32:39] Текст ошибки: Class 'R' not found | Файл: W:\domains\ishop.loc\vendor\ishop\core\Db.php | Строка: 12
=================
[2018-11-15 19:32:40] Текст ошибки: Class 'R' not found | Файл: W:\domains\ishop.loc\vendor\ishop\core\Db.php | Строка: 12
=================
[2018-11-15 19:32:40] Текст ошибки: Class 'R' not found | Файл: W:\domains\ishop.loc\vendor\ishop\core\Db.php | Строка: 12
=================
[2018-11-15 19:32:40] Текст ошибки: Class 'R' not found | Файл: W:\domains\ishop.loc\vendor\ishop\core\Db.php | Строка: 12
=================
[2018-11-15 19:32:40] Текст ошибки: Class 'R' not found | Файл: W:\domains\ishop.loc\vendor\ishop\core\Db.php | Строка: 12
=================
[2018-11-15 19:32:40] Текст ошибки: Class 'R' not found | Файл: W:\domains\ishop.loc\vendor\ishop\core\Db.php | Строка: 12
=================
[2018-11-15 19:32:41] Текст ошибки: Class 'R' not found | Файл: W:\domains\ishop.loc\vendor\ishop\core\Db.php | Строка: 12
=================
[2018-11-15 19:32:48] Текст ошибки: Class 'R' not found | Файл: W:\domains\ishop.loc\vendor\ishop\core\Db.php | Строка: 11
=================
[2018-11-15 19:32:48] Текст ошибки: Class 'R' not found | Файл: W:\domains\ishop.loc\vendor\ishop\core\Db.php | Строка: 11
=================
[2018-11-15 19:32:49] Текст ошибки: Class 'R' not found | Файл: W:\domains\ishop.loc\vendor\ishop\core\Db.php | Строка: 11
=================
[2018-11-15 19:32:49] Текст ошибки: Class 'R' not found | Файл: W:\domains\ishop.loc\vendor\ishop\core\Db.php | Строка: 11
=================
[2018-11-15 19:32:49] Текст ошибки: Class 'R' not found | Файл: W:\domains\ishop.loc\vendor\ishop\core\Db.php | Строка: 11
=================
[2018-11-15 19:32:49] Текст ошибки: Class 'R' not found | Файл: W:\domains\ishop.loc\vendor\ishop\core\Db.php | Строка: 11
=================
[2018-11-15 19:33:14] Текст ошибки: syntax error, unexpected 'require' (T_REQUIRE), expecting function (T_FUNCTION) or const (T_CONST) | Файл: W:\domains\ishop.loc\vendor\ishop\core\Db.php | Строка: 8
=================
[2018-11-15 19:33:15] Текст ошибки: syntax error, unexpected 'require' (T_REQUIRE), expecting function (T_FUNCTION) or const (T_CONST) | Файл: W:\domains\ishop.loc\vendor\ishop\core\Db.php | Строка: 8
=================
[2018-11-15 19:33:15] Текст ошибки: syntax error, unexpected 'require' (T_REQUIRE), expecting function (T_FUNCTION) or const (T_CONST) | Файл: W:\domains\ishop.loc\vendor\ishop\core\Db.php | Строка: 8
=================
[2018-11-15 19:33:15] Текст ошибки: syntax error, unexpected 'require' (T_REQUIRE), expecting function (T_FUNCTION) or const (T_CONST) | Файл: W:\domains\ishop.loc\vendor\ishop\core\Db.php | Строка: 8
=================
[2018-11-15 19:33:15] Текст ошибки: syntax error, unexpected 'require' (T_REQUIRE), expecting function (T_FUNCTION) or const (T_CONST) | Файл: W:\domains\ishop.loc\vendor\ishop\core\Db.php | Строка: 8
=================
[2018-11-15 19:33:54] Текст ошибки: Class 'R' not found | Файл: W:\domains\ishop.loc\vendor\ishop\core\Db.php | Строка: 10
=================
[2018-11-15 19:33:55] Текст ошибки: Class 'R' not found | Файл: W:\domains\ishop.loc\vendor\ishop\core\Db.php | Строка: 10
=================
[2018-11-15 19:33:55] Текст ошибки: Class 'R' not found | Файл: W:\domains\ishop.loc\vendor\ishop\core\Db.php | Строка: 10
=================
[2018-11-15 19:33:56] Текст ошибки: Class 'R' not found | Файл: W:\domains\ishop.loc\vendor\ishop\core\Db.php | Строка: 10
=================
[2018-11-15 19:34:12] Текст ошибки: Class 'R' not found | Файл: W:\domains\ishop.loc\vendor\ishop\core\Db.php | Строка: 10
=================
[2018-11-15 19:34:12] Текст ошибки: Class 'R' not found | Файл: W:\domains\ishop.loc\vendor\ishop\core\Db.php | Строка: 10
=================
[2018-11-15 19:34:13] Текст ошибки: Class 'R' not found | Файл: W:\domains\ishop.loc\vendor\ishop\core\Db.php | Строка: 10
=================
[2018-11-15 19:34:13] Текст ошибки: Class 'R' not found | Файл: W:\domains\ishop.loc\vendor\ishop\core\Db.php | Строка: 10
=================
[2018-11-15 19:34:28] Текст ошибки: Class 'R' not found | Файл: W:\domains\ishop.loc\vendor\ishop\core\Db.php | Строка: 12
=================
[2018-11-15 19:34:28] Текст ошибки: Class 'R' not found | Файл: W:\domains\ishop.loc\vendor\ishop\core\Db.php | Строка: 12
=================
[2018-11-15 19:34:28] Текст ошибки: Class 'R' not found | Файл: W:\domains\ishop.loc\vendor\ishop\core\Db.php | Строка: 12
=================
[2018-11-15 19:34:29] Текст ошибки: Class 'R' not found | Файл: W:\domains\ishop.loc\vendor\ishop\core\Db.php | Строка: 12
=================
[2018-11-15 19:34:29] Текст ошибки: Class 'R' not found | Файл: W:\domains\ishop.loc\vendor\ishop\core\Db.php | Строка: 12
=================
[2018-11-15 19:34:29] Текст ошибки: Class 'R' not found | Файл: W:\domains\ishop.loc\vendor\ishop\core\Db.php | Строка: 12
=================
[2018-11-15 19:34:29] Текст ошибки: Class 'R' not found | Файл: W:\domains\ishop.loc\vendor\ishop\core\Db.php | Строка: 12
=================
[2018-11-15 19:34:29] Текст ошибки: Class 'R' not found | Файл: W:\domains\ishop.loc\vendor\ishop\core\Db.php | Строка: 12
=================
[2018-11-15 19:34:30] Текст ошибки: Class 'R' not found | Файл: W:\domains\ishop.loc\vendor\ishop\core\Db.php | Строка: 12
=================
[2018-11-15 19:35:00] Текст ошибки: Class 'R' not found | Файл: W:\domains\ishop.loc\vendor\ishop\core\Db.php | Строка: 12
=================
[2018-11-15 19:35:00] Текст ошибки: Class 'R' not found | Файл: W:\domains\ishop.loc\vendor\ishop\core\Db.php | Строка: 12
=================
[2018-11-15 19:35:01] Текст ошибки: Class 'R' not found | Файл: W:\domains\ishop.loc\vendor\ishop\core\Db.php | Строка: 12
=================
[2018-11-15 19:35:01] Текст ошибки: Class 'R' not found | Файл: W:\domains\ishop.loc\vendor\ishop\core\Db.php | Строка: 12
=================
[2018-11-15 19:35:01] Текст ошибки: Class 'R' not found | Файл: W:\domains\ishop.loc\vendor\ishop\core\Db.php | Строка: 12
=================
[2018-11-15 19:35:01] Текст ошибки: Class 'R' not found | Файл: W:\domains\ishop.loc\vendor\ishop\core\Db.php | Строка: 12
=================
[2018-11-15 19:35:01] Текст ошибки: Class 'R' not found | Файл: W:\domains\ishop.loc\vendor\ishop\core\Db.php | Строка: 12
=================
[2018-11-15 20:21:01] Текст ошибки: Class 'R' not found | Файл: W:\domains\ishop.loc\vendor\ishop\core\Db.php | Строка: 12
=================
[2018-11-15 20:21:56] Текст ошибки: syntax error, unexpected '/' | Файл: W:\domains\ishop.loc\vendor\ishop\core\Db.php | Строка: 10
=================
[2018-11-15 20:21:57] Текст ошибки: syntax error, unexpected '/' | Файл: W:\domains\ishop.loc\vendor\ishop\core\Db.php | Строка: 10
=================
[2018-11-15 20:21:57] Текст ошибки: syntax error, unexpected '/' | Файл: W:\domains\ishop.loc\vendor\ishop\core\Db.php | Строка: 10
=================
[2018-11-15 20:21:57] Текст ошибки: syntax error, unexpected '/' | Файл: W:\domains\ishop.loc\vendor\ishop\core\Db.php | Строка: 10
=================
[2018-11-15 20:21:58] Текст ошибки: syntax error, unexpected '/' | Файл: W:\domains\ishop.loc\vendor\ishop\core\Db.php | Строка: 10
=================
[2018-11-15 20:22:02] Текст ошибки: syntax error, unexpected '/' | Файл: W:\domains\ishop.loc\vendor\ishop\core\Db.php | Строка: 10
=================
[2018-11-15 20:22:02] Текст ошибки: Class 'R' not found | Файл: W:\domains\ishop.loc\vendor\ishop\core\Db.php | Строка: 13
=================
[2018-11-15 20:22:02] Текст ошибки: Class 'R' not found | Файл: W:\domains\ishop.loc\vendor\ishop\core\Db.php | Строка: 13
=================
[2018-11-15 20:22:19] Текст ошибки: Class 'R' not found | Файл: W:\domains\ishop.loc\vendor\ishop\core\Db.php | Строка: 12
=================
[2018-11-15 20:22:20] Текст ошибки: Class 'R' not found | Файл: W:\domains\ishop.loc\vendor\ishop\core\Db.php | Строка: 12
=================
[2018-11-15 20:22:20] Текст ошибки: Class 'R' not found | Файл: W:\domains\ishop.loc\vendor\ishop\core\Db.php | Строка: 12
=================
[2018-11-15 20:22:20] Текст ошибки: Class 'R' not found | Файл: W:\domains\ishop.loc\vendor\ishop\core\Db.php | Строка: 12
=================
[2018-11-15 20:23:04] Текст ошибки: Class 'R' not found | Файл: W:\domains\ishop.loc\vendor\ishop\core\Db.php | Строка: 11
=================
[2018-11-15 20:23:05] Текст ошибки: Class 'R' not found | Файл: W:\domains\ishop.loc\vendor\ishop\core\Db.php | Строка: 11
=================
[2018-11-15 20:23:05] Текст ошибки: Class 'R' not found | Файл: W:\domains\ishop.loc\vendor\ishop\core\Db.php | Строка: 11
=================
[2018-11-15 20:23:05] Текст ошибки: Class 'R' not found | Файл: W:\domains\ishop.loc\vendor\ishop\core\Db.php | Строка: 11
=================
[2018-11-15 20:23:05] Текст ошибки: Class 'R' not found | Файл: W:\domains\ishop.loc\vendor\ishop\core\Db.php | Строка: 11
=================
[2018-11-15 20:23:06] Текст ошибки: Class 'R' not found | Файл: W:\domains\ishop.loc\vendor\ishop\core\Db.php | Строка: 11
=================
[2018-11-15 20:23:35] Текст ошибки: Class 'R' not found | Файл: W:\domains\ishop.loc\vendor\ishop\core\Db.php | Строка: 11
=================
[2018-11-15 20:23:35] Текст ошибки: Class 'R' not found | Файл: W:\domains\ishop.loc\vendor\ishop\core\Db.php | Строка: 11
=================
[2018-11-15 20:23:35] Текст ошибки: Class 'R' not found | Файл: W:\domains\ishop.loc\vendor\ishop\core\Db.php | Строка: 11
=================
[2018-11-15 20:23:50] Текст ошибки: Class 'R' not found | Файл: W:\domains\ishop.loc\vendor\ishop\core\Db.php | Строка: 12
=================
[2018-11-15 20:23:51] Текст ошибки: Class 'R' not found | Файл: W:\domains\ishop.loc\vendor\ishop\core\Db.php | Строка: 12
=================
[2018-11-15 20:23:51] Текст ошибки: Class 'R' not found | Файл: W:\domains\ishop.loc\vendor\ishop\core\Db.php | Строка: 12
=================
[2018-11-15 20:23:52] Текст ошибки: Class 'R' not found | Файл: W:\domains\ishop.loc\vendor\ishop\core\Db.php | Строка: 12
=================
[2018-11-15 20:23:52] Текст ошибки: Class 'R' not found | Файл: W:\domains\ishop.loc\vendor\ishop\core\Db.php | Строка: 12
=================
[2018-11-15 20:23:52] Текст ошибки: Class 'R' not found | Файл: W:\domains\ishop.loc\vendor\ishop\core\Db.php | Строка: 12
=================
[2018-11-15 20:23:52] Текст ошибки: Class 'R' not found | Файл: W:\domains\ishop.loc\vendor\ishop\core\Db.php | Строка: 12
=================
[2018-11-15 20:23:52] Текст ошибки: Class 'R' not found | Файл: W:\domains\ishop.loc\vendor\ishop\core\Db.php | Строка: 12
=================
[2018-11-15 20:23:53] Текст ошибки: Class 'R' not found | Файл: W:\domains\ishop.loc\vendor\ishop\core\Db.php | Строка: 12
=================
[2018-11-15 20:23:56] Текст ошибки: Class 'R' not found | Файл: W:\domains\ishop.loc\vendor\ishop\core\Db.php | Строка: 12
=================
[2018-11-15 20:24:06] Текст ошибки: Class 'R' not found | Файл: W:\domains\ishop.loc\vendor\ishop\core\Db.php | Строка: 12
=================
[2018-11-15 20:24:07] Текст ошибки: Class 'R' not found | Файл: W:\domains\ishop.loc\vendor\ishop\core\Db.php | Строка: 12
=================
[2018-11-15 20:24:07] Текст ошибки: Class 'R' not found | Файл: W:\domains\ishop.loc\vendor\ishop\core\Db.php | Строка: 12
=================
[2018-11-15 20:24:08] Текст ошибки: Class 'R' not found | Файл: W:\domains\ishop.loc\vendor\ishop\core\Db.php | Строка: 12
=================
[2018-11-15 20:24:08] Текст ошибки: Class 'R' not found | Файл: W:\domains\ishop.loc\vendor\ishop\core\Db.php | Строка: 12
=================
[2018-11-15 20:24:28] Текст ошибки: syntax error, unexpected 'class' (T_CLASS) | Файл: W:\domains\ishop.loc\vendor\ishop\core\Db.php | Строка: 6
=================
[2018-11-15 20:24:29] Текст ошибки: syntax error, unexpected 'class' (T_CLASS) | Файл: W:\domains\ishop.loc\vendor\ishop\core\Db.php | Строка: 6
=================
[2018-11-15 20:24:29] Текст ошибки: syntax error, unexpected 'class' (T_CLASS) | Файл: W:\domains\ishop.loc\vendor\ishop\core\Db.php | Строка: 6
=================
[2018-11-15 20:24:29] Текст ошибки: syntax error, unexpected 'class' (T_CLASS) | Файл: W:\domains\ishop.loc\vendor\ishop\core\Db.php | Строка: 6
=================
[2018-11-15 20:24:29] Текст ошибки: syntax error, unexpected 'class' (T_CLASS) | Файл: W:\domains\ishop.loc\vendor\ishop\core\Db.php | Строка: 6
=================
[2018-11-15 20:24:30] Текст ошибки: syntax error, unexpected 'class' (T_CLASS) | Файл: W:\domains\ishop.loc\vendor\ishop\core\Db.php | Строка: 6
=================
[2018-11-15 20:24:30] Текст ошибки: syntax error, unexpected 'class' (T_CLASS) | Файл: W:\domains\ishop.loc\vendor\ishop\core\Db.php | Строка: 6
=================
[2018-11-15 20:24:30] Текст ошибки: syntax error, unexpected 'class' (T_CLASS) | Файл: W:\domains\ishop.loc\vendor\ishop\core\Db.php | Строка: 6
=================
[2018-11-15 20:24:31] Текст ошибки: syntax error, unexpected 'class' (T_CLASS) | Файл: W:\domains\ishop.loc\vendor\ishop\core\Db.php | Строка: 6
=================
[2018-11-15 20:24:31] Текст ошибки: syntax error, unexpected 'class' (T_CLASS) | Файл: W:\domains\ishop.loc\vendor\ishop\core\Db.php | Строка: 6
=================
[2018-11-15 20:24:31] Текст ошибки: syntax error, unexpected 'class' (T_CLASS) | Файл: W:\domains\ishop.loc\vendor\ishop\core\Db.php | Строка: 6
=================
[2018-11-15 20:24:31] Текст ошибки: syntax error, unexpected 'class' (T_CLASS) | Файл: W:\domains\ishop.loc\vendor\ishop\core\Db.php | Строка: 6
=================
[2018-11-15 20:24:31] Текст ошибки: syntax error, unexpected 'class' (T_CLASS) | Файл: W:\domains\ishop.loc\vendor\ishop\core\Db.php | Строка: 6
=================
[2018-11-15 20:24:32] Текст ошибки: syntax error, unexpected 'class' (T_CLASS) | Файл: W:\domains\ishop.loc\vendor\ishop\core\Db.php | Строка: 6
=================
[2018-11-15 20:24:35] Текст ошибки: syntax error, unexpected 'class' (T_CLASS) | Файл: W:\domains\ishop.loc\vendor\ishop\core\Db.php | Строка: 6
=================
[2018-11-15 20:28:46] Текст ошибки: syntax error, unexpected 'namespace' (T_NAMESPACE) | Файл: W:\domains\ishop.loc\vendor\ishop\core\rb.php | Строка: 2
=================
[2018-11-15 20:28:46] Текст ошибки: syntax error, unexpected 'namespace' (T_NAMESPACE) | Файл: W:\domains\ishop.loc\vendor\ishop\core\rb.php | Строка: 2
=================
[2018-11-15 20:28:59] Текст ошибки: syntax error, unexpected 'namespace' (T_NAMESPACE) | Файл: W:\domains\ishop.loc\vendor\ishop\core\rb.php | Строка: 2
=================
[2018-11-16 12:41:42] Текст ошибки: Class 'R' not found | Файл: W:\domains\ishop.loc\app\controllers\CurrencyController.php | Строка: 17
=================
[2018-11-16 13:44:21] Текст ошибки: syntax error, unexpected ''test'' (T_CONSTANT_ENCAPSED_STRING), expecting identifier (T_STRING) or variable (T_VARIABLE) or '{' or '$' | Файл: W:\domains\ishop.loc\app\views\layouts\watches.php | Строка: 69
=================
[2018-11-16 13:44:22] Текст ошибки: syntax error, unexpected ''test'' (T_CONSTANT_ENCAPSED_STRING), expecting identifier (T_STRING) or variable (T_VARIABLE) or '{' or '$' | Файл: W:\domains\ishop.loc\app\views\layouts\watches.php | Строка: 69
=================
[2018-11-16 13:44:22] Текст ошибки: syntax error, unexpected ''test'' (T_CONSTANT_ENCAPSED_STRING), expecting identifier (T_STRING) or variable (T_VARIABLE) or '{' or '$' | Файл: W:\domains\ishop.loc\app\views\layouts\watches.php | Строка: 69
=================
[2018-11-16 13:44:23] Текст ошибки: syntax error, unexpected ''test'' (T_CONSTANT_ENCAPSED_STRING), expecting identifier (T_STRING) or variable (T_VARIABLE) or '{' or '$' | Файл: W:\domains\ishop.loc\app\views\layouts\watches.php | Строка: 69
=================
[2018-11-16 13:44:23] Текст ошибки: syntax error, unexpected ''test'' (T_CONSTANT_ENCAPSED_STRING), expecting identifier (T_STRING) or variable (T_VARIABLE) or '{' or '$' | Файл: W:\domains\ishop.loc\app\views\layouts\watches.php | Строка: 69
=================
[2018-11-16 17:48:41] Текст ошибки: syntax error, unexpected '}' | Файл: W:\domains\ishop.loc\app\widgets\menu\Menu.php | Строка: 66
=================
[2018-11-16 18:17:48] Текст ошибки: Контроллер app\controllers\CategoryController не найден | Файл: W:\domains\ishop.loc\vendor\ishop\core\Router.php | Строка: 36
=================
[2018-11-16 18:17:51] Текст ошибки: Контроллер app\controllers\CategoryController не найден | Файл: W:\domains\ishop.loc\vendor\ishop\core\Router.php | Строка: 36
=================
[2018-11-16 18:18:44] Текст ошибки: Контроллер app\controllers\CategoryController не найден | Файл: W:\domains\ishop.loc\vendor\ishop\core\Router.php | Строка: 36
=================
[2018-11-16 19:11:32] Текст ошибки: Страница не найдена | Файл: W:\domains\ishop.loc\vendor\ishop\core\Router.php | Строка: 39
=================
[2018-11-16 19:11:38] Текст ошибки: Страница не найдена | Файл: W:\domains\ishop.loc\vendor\ishop\core\Router.php | Строка: 39
=================
[2018-11-16 19:11:48] Текст ошибки: Страница не найдена | Файл: W:\domains\ishop.loc\vendor\ishop\core\Router.php | Строка: 39
=================
[2018-11-16 19:12:44] Текст ошибки: Страница не найдена | Файл: W:\domains\ishop.loc\vendor\ishop\core\Router.php | Строка: 39
=================
[2018-11-16 19:12:45] Текст ошибки: Страница не найдена | Файл: W:\domains\ishop.loc\vendor\ishop\core\Router.php | Строка: 39
=================
[2018-11-16 19:12:45] Текст ошибки: Страница не найдена | Файл: W:\domains\ishop.loc\vendor\ishop\core\Router.php | Строка: 39
=================
[2018-11-16 19:12:45] Текст ошибки: Страница не найдена | Файл: W:\domains\ishop.loc\vendor\ishop\core\Router.php | Строка: 39
=================
[2018-11-16 19:12:46] Текст ошибки: Страница не найдена | Файл: W:\domains\ishop.loc\vendor\ishop\core\Router.php | Строка: 39
=================
[2018-11-16 19:12:47] Текст ошибки: Страница не найдена | Файл: W:\domains\ishop.loc\vendor\ishop\core\Router.php | Строка: 39
=================
[2018-11-16 19:13:45] Текст ошибки: Страница не найдена | Файл: W:\domains\ishop.loc\vendor\ishop\core\Router.php | Строка: 39
=================
[2018-11-16 19:13:46] Текст ошибки: Страница не найдена | Файл: W:\domains\ishop.loc\vendor\ishop\core\Router.php | Строка: 39
=================
[2018-11-16 19:13:46] Текст ошибки: Страница не найдена | Файл: W:\domains\ishop.loc\vendor\ishop\core\Router.php | Строка: 39
=================
[2018-11-16 19:13:46] Текст ошибки: Страница не найдена | Файл: W:\domains\ishop.loc\vendor\ishop\core\Router.php | Строка: 39
=================
[2018-11-16 19:13:46] Текст ошибки: Страница не найдена | Файл: W:\domains\ishop.loc\vendor\ishop\core\Router.php | Строка: 39
=================
[2018-11-16 19:13:46] Текст ошибки: Страница не найдена | Файл: W:\domains\ishop.loc\vendor\ishop\core\Router.php | Строка: 39
=================
[2018-11-16 19:13:47] Текст ошибки: Страница не найдена | Файл: W:\domains\ishop.loc\vendor\ishop\core\Router.php | Строка: 39
=================
[2018-11-16 19:13:47] Текст ошибки: Страница не найдена | Файл: W:\domains\ishop.loc\vendor\ishop\core\Router.php | Строка: 39
=================
[2018-11-16 19:13:47] Текст ошибки: Страница не найдена | Файл: W:\domains\ishop.loc\vendor\ishop\core\Router.php | Строка: 39
=================
[2018-11-16 19:13:47] Текст ошибки: Страница не найдена | Файл: W:\domains\ishop.loc\vendor\ishop\core\Router.php | Строка: 39
=================
[2018-11-16 19:15:36] Текст ошибки: Страница не найдена | Файл: W:\domains\ishop.loc\vendor\ishop\core\Router.php | Строка: 39
=================
[2018-11-16 19:15:37] Текст ошибки: Страница не найдена | Файл: W:\domains\ishop.loc\vendor\ishop\core\Router.php | Строка: 39
=================
[2018-11-16 19:15:37] Текст ошибки: Страница не найдена | Файл: W:\domains\ishop.loc\vendor\ishop\core\Router.php | Строка: 39
=================
[2018-11-16 19:15:37] Текст ошибки: Страница не найдена | Файл: W:\domains\ishop.loc\vendor\ishop\core\Router.php | Строка: 39
=================
[2018-11-16 19:16:09] Текст ошибки: Страница не найдена | Файл: W:\domains\ishop.loc\vendor\ishop\core\Router.php | Строка: 39
=================
[2018-11-16 19:16:14] Текст ошибки: Страница не найдена | Файл: W:\domains\ishop.loc\vendor\ishop\core\Router.php | Строка: 39
=================
[2018-11-16 19:16:20] Текст ошибки: Страница не найдена | Файл: W:\domains\ishop.loc\vendor\ishop\core\Router.php | Строка: 39
=================
[2018-11-16 19:16:28] Текст ошибки: Страница не найдена | Файл: W:\domains\ishop.loc\vendor\ishop\core\Router.php | Строка: 39
=================
[2018-11-16 19:16:29] Текст ошибки: Страница не найдена | Файл: W:\domains\ishop.loc\vendor\ishop\core\Router.php | Строка: 39
=================
[2018-11-16 19:16:29] Текст ошибки: Страница не найдена | Файл: W:\domains\ishop.loc\vendor\ishop\core\Router.php | Строка: 39
=================
[2018-11-16 19:16:29] Текст ошибки: Страница не найдена | Файл: W:\domains\ishop.loc\vendor\ishop\core\Router.php | Строка: 39
=================
[2018-11-16 19:16:29] Текст ошибки: Страница не найдена | Файл: W:\domains\ishop.loc\vendor\ishop\core\Router.php | Строка: 39
=================
[2018-11-16 19:16:29] Текст ошибки: Страница не найдена | Файл: W:\domains\ishop.loc\vendor\ishop\core\Router.php | Строка: 39
=================
[2018-11-16 19:16:30] Текст ошибки: Страница не найдена | Файл: W:\domains\ishop.loc\vendor\ishop\core\Router.php | Строка: 39
=================
[2018-11-16 19:16:30] Текст ошибки: Страница не найдена | Файл: W:\domains\ishop.loc\vendor\ishop\core\Router.php | Строка: 39
=================
[2018-11-16 19:16:30] Текст ошибки: Страница не найдена | Файл: W:\domains\ishop.loc\vendor\ishop\core\Router.php | Строка: 39
=================
[2018-11-16 19:16:32] Текст ошибки: Страница не найдена | Файл: W:\domains\ishop.loc\vendor\ishop\core\Router.php | Строка: 39
=================
[2018-11-16 19:16:33] Текст ошибки: Страница не найдена | Файл: W:\domains\ishop.loc\vendor\ishop\core\Router.php | Строка: 39
=================
[2018-11-16 19:16:33] Текст ошибки: Страница не найдена | Файл: W:\domains\ishop.loc\vendor\ishop\core\Router.php | Строка: 39
=================
[2018-11-16 19:16:35] Текст ошибки: Страница не найдена | Файл: W:\domains\ishop.loc\vendor\ishop\core\Router.php | Строка: 39
=================
[2018-11-16 19:16:37] Текст ошибки: Страница не найдена | Файл: W:\domains\ishop.loc\vendor\ishop\core\Router.php | Строка: 39
=================
[2018-11-16 19:17:00] Текст ошибки: Страница не найдена | Файл: W:\domains\ishop.loc\vendor\ishop\core\Router.php | Строка: 39
=================
[2018-11-16 19:17:00] Текст ошибки: Страница не найдена | Файл: W:\domains\ishop.loc\vendor\ishop\core\Router.php | Строка: 39
=================
[2018-11-16 19:17:00] Текст ошибки: Страница не найдена | Файл: W:\domains\ishop.loc\vendor\ishop\core\Router.php | Строка: 39
=================
[2018-11-16 19:17:00] Текст ошибки: Страница не найдена | Файл: W:\domains\ishop.loc\vendor\ishop\core\Router.php | Строка: 39
=================
[2018-11-16 19:18:37] Текст ошибки: Страница не найдена | Файл: W:\domains\ishop.loc\vendor\ishop\core\Router.php | Строка: 39
=================
[2018-11-16 19:18:37] Текст ошибки: Страница не найдена | Файл: W:\domains\ishop.loc\vendor\ishop\core\Router.php | Строка: 39
=================
[2018-11-16 19:18:37] Текст ошибки: Страница не найдена | Файл: W:\domains\ishop.loc\vendor\ishop\core\Router.php | Строка: 39
=================
[2018-11-16 19:18:38] Текст ошибки: Страница не найдена | Файл: W:\domains\ishop.loc\vendor\ishop\core\Router.php | Строка: 39
=================
[2018-11-16 19:18:38] Текст ошибки: Страница не найдена | Файл: W:\domains\ishop.loc\vendor\ishop\core\Router.php | Строка: 39
=================
[2018-11-16 19:18:38] Текст ошибки: Страница не найдена | Файл: W:\domains\ishop.loc\vendor\ishop\core\Router.php | Строка: 39
=================
[2018-11-16 19:18:38] Текст ошибки: Страница не найдена | Файл: W:\domains\ishop.loc\vendor\ishop\core\Router.php | Строка: 39
=================
[2018-11-16 19:18:38] Текст ошибки: Страница не найдена | Файл: W:\domains\ishop.loc\vendor\ishop\core\Router.php | Строка: 39
=================
[2018-11-16 19:18:39] Текст ошибки: Страница не найдена | Файл: W:\domains\ishop.loc\vendor\ishop\core\Router.php | Строка: 39
=================
[2018-11-16 19:18:39] Текст ошибки: Страница не найдена | Файл: W:\domains\ishop.loc\vendor\ishop\core\Router.php | Строка: 39
=================
[2018-11-16 19:21:07] Текст ошибки: Страница не найдена | Файл: W:\domains\ishop.loc\vendor\ishop\core\Router.php | Строка: 39
=================
[2018-11-16 19:21:07] Текст ошибки: Страница не найдена | Файл: W:\domains\ishop.loc\vendor\ishop\core\Router.php | Строка: 39
=================
[2018-11-16 19:21:07] Текст ошибки: Страница не найдена | Файл: W:\domains\ishop.loc\vendor\ishop\core\Router.php | Строка: 39
=================
[2018-11-16 19:21:07] Текст ошибки: Страница не найдена | Файл: W:\domains\ishop.loc\vendor\ishop\core\Router.php | Строка: 39
=================
[2018-11-16 19:21:07] Текст ошибки: Страница не найдена | Файл: W:\domains\ishop.loc\vendor\ishop\core\Router.php | Строка: 39
=================
[2018-11-16 19:21:07] Текст ошибки: Страница не найдена | Файл: W:\domains\ishop.loc\vendor\ishop\core\Router.php | Строка: 39
=================
[2018-11-16 19:21:07] Текст ошибки: Страница не найдена | Файл: W:\domains\ishop.loc\vendor\ishop\core\Router.php | Строка: 39
=================
[2018-11-16 19:21:07] Текст ошибки: Страница не найдена | Файл: W:\domains\ishop.loc\vendor\ishop\core\Router.php | Строка: 39
=================
[2018-11-16 19:21:07] Текст ошибки: Страница не найдена | Файл: W:\domains\ishop.loc\vendor\ishop\core\Router.php | Строка: 39
=================
[2018-11-16 19:21:07] Текст ошибки: Страница не найдена | Файл: W:\domains\ishop.loc\vendor\ishop\core\Router.php | Строка: 39
=================
[2018-11-16 19:21:07] Текст ошибки: Страница не найдена | Файл: W:\domains\ishop.loc\vendor\ishop\core\Router.php | Строка: 39
=================
[2018-11-16 19:21:07] Текст ошибки: Страница не найдена | Файл: W:\domains\ishop.loc\vendor\ishop\core\Router.php | Строка: 39
=================
[2018-11-16 19:21:07] Текст ошибки: Страница не найдена | Файл: W:\domains\ishop.loc\vendor\ishop\core\Router.php | Строка: 39
=================
[2018-11-16 19:21:07] Текст ошибки: Страница не найдена | Файл: W:\domains\ishop.loc\vendor\ishop\core\Router.php | Строка: 39
=================
[2018-11-16 19:21:07] Текст ошибки: Страница не найдена | Файл: W:\domains\ishop.loc\vendor\ishop\core\Router.php | Строка: 39
=================
[2018-11-16 19:21:07] Текст ошибки: Страница не найдена | Файл: W:\domains\ishop.loc\vendor\ishop\core\Router.php | Строка: 39
=================
[2018-11-16 19:21:07] Текст ошибки: Страница не найдена | Файл: W:\domains\ishop.loc\vendor\ishop\core\Router.php | Строка: 39
=================
[2018-11-16 19:21:07] Текст ошибки: Страница не найдена | Файл: W:\domains\ishop.loc\vendor\ishop\core\Router.php | Строка: 39
=================
[2018-11-16 19:21:07] Текст ошибки: Страница не найдена | Файл: W:\domains\ishop.loc\vendor\ishop\core\Router.php | Строка: 39
=================
[2018-11-16 19:21:07] Текст ошибки: Страница не найдена | Файл: W:\domains\ishop.loc\vendor\ishop\core\Router.php | Строка: 39
=================
[2018-11-16 19:21:55] Текст ошибки: Страница не найдена | Файл: W:\domains\ishop.loc\vendor\ishop\core\Router.php | Строка: 39
=================
[2018-11-16 19:21:55] Текст ошибки: Страница не найдена | Файл: W:\domains\ishop.loc\vendor\ishop\core\Router.php | Строка: 39
=================
[2018-11-16 19:21:55] Текст ошибки: Страница не найдена | Файл: W:\domains\ishop.loc\vendor\ishop\core\Router.php | Строка: 39
=================
[2018-11-16 19:21:55] Текст ошибки: Страница не найдена | Файл: W:\domains\ishop.loc\vendor\ishop\core\Router.php | Строка: 39
=================
[2018-11-16 19:21:55] Текст ошибки: Страница не найдена | Файл: W:\domains\ishop.loc\vendor\ishop\core\Router.php | Строка: 39
=================
[2018-11-16 19:21:55] Текст ошибки: Страница не найдена | Файл: W:\domains\ishop.loc\vendor\ishop\core\Router.php | Строка: 39
=================
[2018-11-16 19:21:55] Текст ошибки: Страница не найдена | Файл: W:\domains\ishop.loc\vendor\ishop\core\Router.php | Строка: 39
=================
[2018-11-16 19:21:55] Текст ошибки: Страница не найдена | Файл: W:\domains\ishop.loc\vendor\ishop\core\Router.php | Строка: 39
=================
[2018-11-16 19:21:55] Текст ошибки: Страница не найдена | Файл: W:\domains\ishop.loc\vendor\ishop\core\Router.php | Строка: 39
=================
[2018-11-16 19:21:55] Текст ошибки: Страница не найдена | Файл: W:\domains\ishop.loc\vendor\ishop\core\Router.php | Строка: 39
=================
[2018-11-16 19:21:55] Текст ошибки: Страница не найдена | Файл: W:\domains\ishop.loc\vendor\ishop\core\Router.php | Строка: 39
=================
[2018-11-16 19:21:55] Текст ошибки: Страница не найдена | Файл: W:\domains\ishop.loc\vendor\ishop\core\Router.php | Строка: 39
=================
[2018-11-16 19:21:55] Текст ошибки: Страница не найдена | Файл: W:\domains\ishop.loc\vendor\ishop\core\Router.php | Строка: 39
=================
[2018-11-16 19:21:55] Текст ошибки: Страница не найдена | Файл: W:\domains\ishop.loc\vendor\ishop\core\Router.php | Строка: 39
=================
[2018-11-16 19:21:55] Текст ошибки: Страница не найдена | Файл: W:\domains\ishop.loc\vendor\ishop\core\Router.php | Строка: 39
=================
[2018-11-16 19:26:53] Текст ошибки: Страница не найдена | Файл: W:\domains\ishop.loc\app\controllers\ProductController.php | Строка: 18
=================
[2018-11-16 19:34:32] Текст ошибки: syntax error, unexpected '}' | Файл: W:\domains\ishop.loc\app\controllers\ProductController.php | Строка: 23
=================
[2018-11-16 19:35:59] Текст ошибки: Контроллер app\controllers\CategoryController не найден | Файл: W:\domains\ishop.loc\vendor\ishop\core\Router.php | Строка: 36
=================
[2018-11-16 19:36:06] Текст ошибки: Контроллер app\controllers\CategoryController не найден | Файл: W:\domains\ishop.loc\vendor\ishop\core\Router.php | Строка: 36
=================
[2018-11-16 19:54:27] Текст ошибки: Контроллер app\controllers\CategoryController не найден | Файл: W:\domains\ishop.loc\vendor\ishop\core\Router.php | Строка: 36
=================
[2018-11-16 20:08:59] Текст ошибки: Страница не найдена | Файл: W:\domains\ishop.loc\vendor\ishop\core\Router.php | Строка: 39
=================
[2018-11-16 20:12:34] Текст ошибки: Страница не найдена | Файл: W:\domains\ishop.loc\vendor\ishop\core\Router.php | Строка: 39
=================
[2018-11-16 20:12:47] Текст ошибки: Контроллер app\controllers\CategoryController не найден | Файл: W:\domains\ishop.loc\vendor\ishop\core\Router.php | Строка: 36
=================
[2018-11-16 21:10:47] Текст ошибки: Страница не найдена | Файл: W:\domains\ishop.loc\vendor\ishop\core\Router.php | Строка: 39
=================
[2018-11-18 14:15:28] Текст ошибки: Страница не найдена | Файл: W:\domains\ishop.loc\vendor\ishop\core\Router.php | Строка: 39
=================
[2018-11-18 14:20:32] Текст ошибки: Контроллер app\controllers\CartController не найден | Файл: W:\domains\ishop.loc\vendor\ishop\core\Router.php | Строка: 36
=================
[2018-11-18 14:23:23] Текст ошибки: syntax error, unexpected end of file, expecting elseif (T_ELSEIF) or else (T_ELSE) or endif (T_ENDIF) | Файл: W:\domains\ishop.loc\app\views\product\view.php | Строка: 239
=================
[2018-11-18 14:44:51] Текст ошибки: Страница не найдена | Файл: W:\domains\ishop.loc\vendor\ishop\core\Router.php | Строка: 39
=================
[2018-11-18 14:44:51] Текст ошибки: Страница не найдена | Файл: W:\domains\ishop.loc\vendor\ishop\core\Router.php | Строка: 39
=================
[2018-11-18 16:25:27] Текст ошибки: Страница не найдена | Файл: W:\domains\ishop.loc\vendor\ishop\core\Router.php | Строка: 39
=================
[2018-11-18 16:25:40] Текст ошибки: Страница не найдена | Файл: W:\domains\ishop.loc\vendor\ishop\core\Router.php | Строка: 39
=================
[2018-11-18 16:25:41] Текст ошибки: Страница не найдена | Файл: W:\domains\ishop.loc\vendor\ishop\core\Router.php | Строка: 39
=================
[2018-11-18 16:25:41] Текст ошибки: Страница не найдена | Файл: W:\domains\ishop.loc\vendor\ishop\core\Router.php | Строка: 39
=================
[2018-11-18 18:14:53] Текст ошибки: Контроллер app\controllers\CategoryController не найден | Файл: W:\domains\ishop.loc\vendor\ishop\core\Router.php | Строка: 36
=================
[2018-11-19 16:03:04] Текст ошибки: syntax error, unexpected '}' | Файл: W:\domains\ishop.loc\app\models\Breadcrumbs.php | Строка: 20
=================
[2018-11-19 16:03:05] Текст ошибки: syntax error, unexpected '}' | Файл: W:\domains\ishop.loc\app\models\Breadcrumbs.php | Строка: 20
=================
[2018-11-19 16:03:17] Текст ошибки: syntax error, unexpected '}' | Файл: W:\domains\ishop.loc\app\models\Breadcrumbs.php | Строка: 20
=================
[2018-11-19 16:03:18] Текст ошибки: syntax error, unexpected '}' | Файл: W:\domains\ishop.loc\app\models\Breadcrumbs.php | Строка: 20
=================
[2018-11-19 16:08:23] Текст ошибки: syntax error, unexpected '}' | Файл: W:\domains\ishop.loc\app\models\Breadcrumbs.php | Строка: 27
=================
[2018-11-19 16:08:24] Текст ошибки: syntax error, unexpected '}' | Файл: W:\domains\ishop.loc\app\models\Breadcrumbs.php | Строка: 27
=================
[2018-11-19 16:08:24] Текст ошибки: syntax error, unexpected '}' | Файл: W:\domains\ishop.loc\app\models\Breadcrumbs.php | Строка: 27
=================
[2018-11-19 16:08:25] Текст ошибки: syntax error, unexpected '}' | Файл: W:\domains\ishop.loc\app\models\Breadcrumbs.php | Строка: 27
=================
[2018-11-19 16:08:42] Текст ошибки: Контроллер app\controllers\CategoryController не найден | Файл: W:\domains\ishop.loc\vendor\ishop\core\Router.php | Строка: 36
=================
[2018-11-19 20:28:15] Текст ошибки: Страница не найдена | Файл: W:\domains\ishop.loc\vendor\ishop\core\Router.php | Строка: 39
=================
